Using pre-set license
Built from '2020.3/release' branch; Version is '2020.3.12f1 (b3b2c6512326) revision 11776710'; Using compiler version '192528614'; Build Type 'Release'
OS: 'Windows 10 Home; OS build 19042.1348; Version 2009; 64bit' Language: 'en' Physical Memory: 16221 MB
BatchMode: 1, IsHumanControllingUs: 0, StartBugReporterOnCrash: 0, Is64bit: 1, IsPro: 0

 COMMAND LINE ARGUMENTS:
C:\Program Files\Unity\Hub\Editor\2020.3.12f1\Editor\Unity.exe
-adb2
-batchMode
-noUpm
-name
AssetImportWorker0
-projectPath
C:/Users/tiger/Downloads/VR Assignments/Library Scene
-logFile
Logs/AssetImportWorker0.log
-srvPort
58826
Successfully changed project path to: C:/Users/tiger/Downloads/VR Assignments/Library Scene
C:/Users/tiger/Downloads/VR Assignments/Library Scene
Using Asset Import Pipeline V2.
Refreshing native plugins compatible for Editor in 38.67 ms, found 2 plugins.
Preloading 0 native plugins for Editor in 0.00 ms.
Initialize engine version: 2020.3.12f1 (b3b2c6512326)
[Subsystems] Discovering subsystems at path C:/Program Files/Unity/Hub/Editor/2020.3.12f1/Editor/Data/Resources/UnitySubsystems
[Subsystems] Discovering subsystems at path C:/Users/tiger/Downloads/VR Assignments/Library Scene/Assets
GfxDevice: creating device client; threaded=0
Direct3D:
    Version:  Direct3D 11.0 [level 11.1]
    Renderer: NVIDIA GeForce RTX 2060 (ID=0x1f15)
    Vendor:   
    VRAM:     5980 MB
    Driver:   30.0.14.7111
Initialize mono
Mono path[0] = 'C:/Program Files/Unity/Hub/Editor/2020.3.12f1/Editor/Data/Managed'
Mono path[1] = 'C:/Program Files/Unity/Hub/Editor/2020.3.12f1/Editor/Data/MonoBleedingEdge/lib/mono/unityjit'
Mono config path = 'C:/Program Files/Unity/Hub/Editor/2020.3.12f1/Editor/Data/MonoBleedingEdge/etc'
Using monoOptions --debugger-agent=transport=dt_socket,embedding=1,server=y,suspend=n,address=127.0.0.1:56084
Begin MonoManager ReloadAssembly
Registering precompiled unity dll's ...
Register platform support module: C:/Program Files/Unity/Hub/Editor/2020.3.12f1/Editor/Data/PlaybackEngines/WebGLSupport/UnityEditor.WebGL.Extensions.dll
Register platform support module: C:/Program Files/Unity/Hub/Editor/2020.3.12f1/Editor/Data/PlaybackEngines/WindowsStandaloneSupport/UnityEditor.WindowsStandalone.Extensions.dll
Registered in 0.002710 seconds.
Native extension for WindowsStandalone target not found
Native extension for WebGL target not found
Refreshing native plugins compatible for Editor in 37.47 ms, found 2 plugins.
Preloading 0 native plugins for Editor in 0.00 ms.
Mono: successfully reloaded assembly
- Completed reload, in  1.081 seconds
Platform modules already initialized, skipping
Registering precompiled user dll's ...
Registered in 0.004229 seconds.
Begin MonoManager ReloadAssembly
Native extension for WindowsStandalone target not found
Native extension for WebGL target not found
Refreshing native plugins compatible for Editor in 0.35 ms, found 2 plugins.
Preloading 0 native plugins for Editor in 0.00 ms.
Mono: successfully reloaded assembly
- Completed reload, in  1.006 seconds
Platform modules already initialized, skipping
========================================================================
Worker process is ready to serve import requests
Launched and connected shader compiler UnityShaderCompiler.exe after 0.04 seconds
Refreshing native plugins compatible for Editor in 0.38 ms, found 2 plugins.
Preloading 0 native plugins for Editor in 0.00 ms.
Unloading 1389 Unused Serialized files (Serialized files now loaded: 0)
System memory in use before: 67.2 MB.
System memory in use after: 67.2 MB.

Unloading 19 unused Assets to reduce memory usage. Loaded Objects now: 1823.
Total: 1.640700 ms (FindLiveObjects: 0.117500 ms CreateObjectMapping: 0.034100 ms MarkObjects: 1.414900 ms  DeleteObjects: 0.073500 ms)

AssetImportParameters requested are different than current active one (requested -> active):
  custom:framework-win-MediaFoundation: 216162199b28c13a410421893ffa2e32 -> 
  custom:video-decoder-ogg-theora: a1e56fd34408186e4bbccfd4996cb3dc -> 
  custom:container-muxer-webm: aa71ff27fc2769a1b78a27578f13a17b -> 
  custom:container-demuxer-webm: 4f35f7cbe854078d1ac9338744f61a02 -> 
  custom:container-demuxer-ogg: 62fdf1f143b41e24485cea50d1cbac27 -> 
  custom:video-encoder-webm-vp8: eb34c28f22e8b96e1ab97ce403110664 -> 
  custom:video-decoder-webm-vp8: 9c59270c3fd7afecdb556c50c9e8de78 -> 
  custom:audio-decoder-ogg-vorbis: bf7c407c2cedff20999df2af8eb42d56 -> 
  custom:audio-encoder-webm-vorbis: bf7c407c2cedff20999df2af8eb42d56 -> 
========================================================================
Received Import Request.
  path: Assets/Rotation.cs
  artifactKey: Guid(bc455ad054ce75d4f8394859e56625ff) Importer(815301076,1909f56bfc062723c751e8b465ee728b)
Start importing Assets/Rotation.cs using Guid(bc455ad054ce75d4f8394859e56625ff) Importer(815301076,1909f56bfc062723c751e8b465ee728b)  -> (artifact id: '55b49fc8665cfac0395f73e2b62f9ee2') in 0.044949 seconds 
  Import took 0.046926 seconds .

========================================================================
Received Prepare
Registering precompiled user dll's ...
Registered in 0.004509 seconds.
Begin MonoManager ReloadAssembly
Native extension for WindowsStandalone target not found
Native extension for WebGL target not found
Refreshing native plugins compatible for Editor in 0.34 ms, found 2 plugins.
Preloading 0 native plugins for Editor in 0.00 ms.
Mono: successfully reloaded assembly
- Completed reload, in  0.820 seconds
Platform modules already initialized, skipping
Refreshing native plugins compatible for Editor in 0.47 ms, found 2 plugins.
Preloading 0 native plugins for Editor in 0.00 ms.
Unloading 1382 Unused Serialized files (Serialized files now loaded: 0)
System memory in use before: 66.9 MB.
System memory in use after: 67.0 MB.

Unloading 14 unused Assets to reduce memory usage. Loaded Objects now: 1826.
Total: 1.949800 ms (FindLiveObjects: 0.125000 ms CreateObjectMapping: 0.034500 ms MarkObjects: 1.704300 ms  DeleteObjects: 0.085400 ms)

AssetImportParameters requested are different than current active one (requested -> active):
  custom:framework-win-MediaFoundation: 216162199b28c13a410421893ffa2e32 -> 
  custom:video-decoder-ogg-theora: a1e56fd34408186e4bbccfd4996cb3dc -> 
  custom:container-muxer-webm: aa71ff27fc2769a1b78a27578f13a17b -> 
  custom:container-demuxer-webm: 4f35f7cbe854078d1ac9338744f61a02 -> 
  custom:container-demuxer-ogg: 62fdf1f143b41e24485cea50d1cbac27 -> 
  custom:video-encoder-webm-vp8: eb34c28f22e8b96e1ab97ce403110664 -> 
  custom:video-decoder-webm-vp8: 9c59270c3fd7afecdb556c50c9e8de78 -> 
  custom:audio-decoder-ogg-vorbis: bf7c407c2cedff20999df2af8eb42d56 -> 
  custom:audio-encoder-webm-vorbis: bf7c407c2cedff20999df2af8eb42d56 -> 
========================================================================
Received Import Request.
  Time since last request: 57.515003 seconds.
  path: Assets/Rotation.cs
  artifactKey: Guid(bc455ad054ce75d4f8394859e56625ff) Importer(815301076,1909f56bfc062723c751e8b465ee728b)
Start importing Assets/Rotation.cs using Guid(bc455ad054ce75d4f8394859e56625ff) Importer(815301076,1909f56bfc062723c751e8b465ee728b)  -> (artifact id: '60ff5d8ed9893b11e2103223323dfe46') in 0.007194 seconds 
  Import took 0.009082 seconds .

========================================================================
Received Import Request.
  Time since last request: 151.062154 seconds.
  path: Assets/Movement.cs
  artifactKey: Guid(bc455ad054ce75d4f8394859e56625ff) Importer(815301076,1909f56bfc062723c751e8b465ee728b)
Start importing Assets/Movement.cs using Guid(bc455ad054ce75d4f8394859e56625ff) Importer(815301076,1909f56bfc062723c751e8b465ee728b)  -> (artifact id: '1ed37f295d6097ee6bbfe0aff61a0adb') in 0.005553 seconds 
  Import took 0.008315 seconds .

========================================================================
Received Prepare
Registering precompiled user dll's ...
Registered in 0.005598 seconds.
Begin MonoManager ReloadAssembly
Native extension for WindowsStandalone target not found
Native extension for WebGL target not found
Refreshing native plugins compatible for Editor in 0.66 ms, found 2 plugins.
Preloading 0 native plugins for Editor in 0.00 ms.
Mono: successfully reloaded assembly
- Completed reload, in  0.863 seconds
Platform modules already initialized, skipping
Refreshing native plugins compatible for Editor in 0.35 ms, found 2 plugins.
Preloading 0 native plugins for Editor in 0.00 ms.
Unloading 1382 Unused Serialized files (Serialized files now loaded: 0)
System memory in use before: 67.0 MB.
System memory in use after: 67.0 MB.

Unloading 14 unused Assets to reduce memory usage. Loaded Objects now: 1829.
Total: 1.670600 ms (FindLiveObjects: 0.122100 ms CreateObjectMapping: 0.036900 ms MarkObjects: 1.462700 ms  DeleteObjects: 0.048000 ms)

AssetImportParameters requested are different than current active one (requested -> active):
  custom:framework-win-MediaFoundation: 216162199b28c13a410421893ffa2e32 -> 
  custom:video-decoder-ogg-theora: a1e56fd34408186e4bbccfd4996cb3dc -> 
  custom:container-muxer-webm: aa71ff27fc2769a1b78a27578f13a17b -> 
  custom:container-demuxer-webm: 4f35f7cbe854078d1ac9338744f61a02 -> 
  custom:container-demuxer-ogg: 62fdf1f143b41e24485cea50d1cbac27 -> 
  custom:video-encoder-webm-vp8: eb34c28f22e8b96e1ab97ce403110664 -> 
  custom:video-decoder-webm-vp8: 9c59270c3fd7afecdb556c50c9e8de78 -> 
  custom:audio-decoder-ogg-vorbis: bf7c407c2cedff20999df2af8eb42d56 -> 
  custom:audio-encoder-webm-vorbis: bf7c407c2cedff20999df2af8eb42d56 -> 
========================================================================
Received Prepare
Registering precompiled user dll's ...
Registered in 0.004848 seconds.
Begin MonoManager ReloadAssembly
Native extension for WindowsStandalone target not found
Native extension for WebGL target not found
Refreshing native plugins compatible for Editor in 0.34 ms, found 2 plugins.
Preloading 0 native plugins for Editor in 0.00 ms.
Mono: successfully reloaded assembly
- Completed reload, in  0.805 seconds
Platform modules already initialized, skipping
Refreshing native plugins compatible for Editor in 0.35 ms, found 2 plugins.
Preloading 0 native plugins for Editor in 0.00 ms.
Unloading 1383 Unused Serialized files (Serialized files now loaded: 0)
System memory in use before: 67.0 MB.
System memory in use after: 67.1 MB.

Unloading 14 unused Assets to reduce memory usage. Loaded Objects now: 1833.
Total: 1.803500 ms (FindLiveObjects: 0.115900 ms CreateObjectMapping: 0.034000 ms MarkObjects: 1.602800 ms  DeleteObjects: 0.050000 ms)

AssetImportParameters requested are different than current active one (requested -> active):
  custom:framework-win-MediaFoundation: 216162199b28c13a410421893ffa2e32 -> 
  custom:video-decoder-ogg-theora: a1e56fd34408186e4bbccfd4996cb3dc -> 
  custom:container-muxer-webm: aa71ff27fc2769a1b78a27578f13a17b -> 
  custom:container-demuxer-webm: 4f35f7cbe854078d1ac9338744f61a02 -> 
  custom:container-demuxer-ogg: 62fdf1f143b41e24485cea50d1cbac27 -> 
  custom:video-encoder-webm-vp8: eb34c28f22e8b96e1ab97ce403110664 -> 
  custom:video-decoder-webm-vp8: 9c59270c3fd7afecdb556c50c9e8de78 -> 
  custom:audio-decoder-ogg-vorbis: bf7c407c2cedff20999df2af8eb42d56 -> 
  custom:audio-encoder-webm-vorbis: bf7c407c2cedff20999df2af8eb42d56 -> 
========================================================================
Received Import Request.
  Time since last request: 40.314695 seconds.
  path: Assets/Rotation.cs
  artifactKey: Guid(a4a7c3fb7d873584cbcd8115eb583b7a) Importer(815301076,1909f56bfc062723c751e8b465ee728b)
Start importing Assets/Rotation.cs using Guid(a4a7c3fb7d873584cbcd8115eb583b7a) Importer(815301076,1909f56bfc062723c751e8b465ee728b)  -> (artifact id: '9fe4cca2255347db9f7ad7f1bacd4d78') in 0.007751 seconds 
  Import took 0.010140 seconds .

========================================================================
Received Prepare
Registering precompiled user dll's ...
Registered in 0.004034 seconds.
Begin MonoManager ReloadAssembly
Native extension for WindowsStandalone target not found
Native extension for WebGL target not found
Refreshing native plugins compatible for Editor in 0.47 ms, found 2 plugins.
Preloading 0 native plugins for Editor in 0.00 ms.
Mono: successfully reloaded assembly
- Completed reload, in  0.825 seconds
Platform modules already initialized, skipping
Refreshing native plugins compatible for Editor in 0.34 ms, found 2 plugins.
Preloading 0 native plugins for Editor in 0.00 ms.
Unloading 1383 Unused Serialized files (Serialized files now loaded: 0)
System memory in use before: 67.0 MB.
System memory in use after: 67.1 MB.

Unloading 14 unused Assets to reduce memory usage. Loaded Objects now: 1836.
Total: 2.035400 ms (FindLiveObjects: 0.288300 ms CreateObjectMapping: 0.102600 ms MarkObjects: 1.593700 ms  DeleteObjects: 0.050000 ms)

AssetImportParameters requested are different than current active one (requested -> active):
  custom:framework-win-MediaFoundation: 216162199b28c13a410421893ffa2e32 -> 
  custom:video-decoder-ogg-theora: a1e56fd34408186e4bbccfd4996cb3dc -> 
  custom:container-muxer-webm: aa71ff27fc2769a1b78a27578f13a17b -> 
  custom:container-demuxer-webm: 4f35f7cbe854078d1ac9338744f61a02 -> 
  custom:container-demuxer-ogg: 62fdf1f143b41e24485cea50d1cbac27 -> 
  custom:video-encoder-webm-vp8: eb34c28f22e8b96e1ab97ce403110664 -> 
  custom:video-decoder-webm-vp8: 9c59270c3fd7afecdb556c50c9e8de78 -> 
  custom:audio-decoder-ogg-vorbis: bf7c407c2cedff20999df2af8eb42d56 -> 
  custom:audio-encoder-webm-vorbis: bf7c407c2cedff20999df2af8eb42d56 -> 
========================================================================
Received Import Request.
  Time since last request: 276.475871 seconds.
  path: Assets/Rotation.cs
  artifactKey: Guid(a4a7c3fb7d873584cbcd8115eb583b7a) Importer(815301076,1909f56bfc062723c751e8b465ee728b)
Start importing Assets/Rotation.cs using Guid(a4a7c3fb7d873584cbcd8115eb583b7a) Importer(815301076,1909f56bfc062723c751e8b465ee728b)  -> (artifact id: 'd244461ab1eb4a29caee6b976be942d2') in 0.003902 seconds 
  Import took 0.005944 seconds .

========================================================================
Received Import Request.
  Time since last request: 180.490244 seconds.
  path: Assets/Plugins/Wolf3D/RPM Avatar Pack/Models/FBX/Male/Male_02
  artifactKey: Guid(ae776a27b07307c4692393c43f51431c) Importer(815301076,1909f56bfc062723c751e8b465ee728b)
Start importing Assets/Plugins/Wolf3D/RPM Avatar Pack/Models/FBX/Male/Male_02 using Guid(ae776a27b07307c4692393c43f51431c) Importer(815301076,1909f56bfc062723c751e8b465ee728b)  -> (artifact id: '0e39bc53acfaae9dc22629c7f964bbc6') in 0.008958 seconds 
  Import took 0.011253 seconds .

========================================================================
Received Prepare
Registering precompiled user dll's ...
Registered in 0.003837 seconds.
Begin MonoManager ReloadAssembly
Native extension for WindowsStandalone target not found
Native extension for WebGL target not found
Refreshing native plugins compatible for Editor in 0.33 ms, found 2 plugins.
Preloading 0 native plugins for Editor in 0.00 ms.
Mono: successfully reloaded assembly
- Completed reload, in  0.804 seconds
Platform modules already initialized, skipping
Refreshing native plugins compatible for Editor in 0.32 ms, found 2 plugins.
Preloading 0 native plugins for Editor in 0.00 ms.
Unloading 1383 Unused Serialized files (Serialized files now loaded: 0)
System memory in use before: 67.0 MB.
System memory in use after: 67.1 MB.

Unloading 14 unused Assets to reduce memory usage. Loaded Objects now: 1839.
Total: 1.671700 ms (FindLiveObjects: 0.133000 ms CreateObjectMapping: 0.039200 ms MarkObjects: 1.452500 ms  DeleteObjects: 0.046200 ms)

AssetImportParameters requested are different than current active one (requested -> active):
  custom:framework-win-MediaFoundation: 216162199b28c13a410421893ffa2e32 -> 
  custom:video-decoder-ogg-theora: a1e56fd34408186e4bbccfd4996cb3dc -> 
  custom:container-muxer-webm: aa71ff27fc2769a1b78a27578f13a17b -> 
  custom:container-demuxer-webm: 4f35f7cbe854078d1ac9338744f61a02 -> 
  custom:container-demuxer-ogg: 62fdf1f143b41e24485cea50d1cbac27 -> 
  custom:video-encoder-webm-vp8: eb34c28f22e8b96e1ab97ce403110664 -> 
  custom:video-decoder-webm-vp8: 9c59270c3fd7afecdb556c50c9e8de78 -> 
  custom:audio-decoder-ogg-vorbis: bf7c407c2cedff20999df2af8eb42d56 -> 
  custom:audio-encoder-webm-vorbis: bf7c407c2cedff20999df2af8eb42d56 -> 
========================================================================
Received Prepare
Registering precompiled user dll's ...
Registered in 0.003732 seconds.
Begin MonoManager ReloadAssembly
Native extension for WindowsStandalone target not found
Native extension for WebGL target not found
Refreshing native plugins compatible for Editor in 0.32 ms, found 2 plugins.
Preloading 0 native plugins for Editor in 0.00 ms.
Mono: successfully reloaded assembly
- Completed reload, in  0.803 seconds
Platform modules already initialized, skipping
Refreshing native plugins compatible for Editor in 0.33 ms, found 2 plugins.
Preloading 0 native plugins for Editor in 0.00 ms.
Unloading 1383 Unused Serialized files (Serialized files now loaded: 0)
System memory in use before: 67.0 MB.
System memory in use after: 67.1 MB.

Unloading 14 unused Assets to reduce memory usage. Loaded Objects now: 1842.
Total: 1.815800 ms (FindLiveObjects: 0.106200 ms CreateObjectMapping: 0.032700 ms MarkObjects: 1.633400 ms  DeleteObjects: 0.042400 ms)

AssetImportParameters requested are different than current active one (requested -> active):
  custom:framework-win-MediaFoundation: 216162199b28c13a410421893ffa2e32 -> 
  custom:video-decoder-ogg-theora: a1e56fd34408186e4bbccfd4996cb3dc -> 
  custom:container-muxer-webm: aa71ff27fc2769a1b78a27578f13a17b -> 
  custom:container-demuxer-webm: 4f35f7cbe854078d1ac9338744f61a02 -> 
  custom:container-demuxer-ogg: 62fdf1f143b41e24485cea50d1cbac27 -> 
  custom:video-encoder-webm-vp8: eb34c28f22e8b96e1ab97ce403110664 -> 
  custom:video-decoder-webm-vp8: 9c59270c3fd7afecdb556c50c9e8de78 -> 
  custom:audio-decoder-ogg-vorbis: bf7c407c2cedff20999df2af8eb42d56 -> 
  custom:audio-encoder-webm-vorbis: bf7c407c2cedff20999df2af8eb42d56 -> 
========================================================================
Received Prepare
Registering precompiled user dll's ...
Registered in 0.003809 seconds.
Begin MonoManager ReloadAssembly
Native extension for WindowsStandalone target not found
Native extension for WebGL target not found
Refreshing native plugins compatible for Editor in 0.32 ms, found 2 plugins.
Preloading 0 native plugins for Editor in 0.00 ms.
Mono: successfully reloaded assembly
- Completed reload, in  0.812 seconds
Platform modules already initialized, skipping
Refreshing native plugins compatible for Editor in 0.65 ms, found 2 plugins.
Preloading 0 native plugins for Editor in 0.00 ms.
Unloading 1383 Unused Serialized files (Serialized files now loaded: 0)
System memory in use before: 67.0 MB.
System memory in use after: 67.1 MB.

Unloading 14 unused Assets to reduce memory usage. Loaded Objects now: 1845.
Total: 1.980000 ms (FindLiveObjects: 0.175200 ms CreateObjectMapping: 0.041800 ms MarkObjects: 1.706600 ms  DeleteObjects: 0.055200 ms)

AssetImportParameters requested are different than current active one (requested -> active):
  custom:framework-win-MediaFoundation: 216162199b28c13a410421893ffa2e32 -> 
  custom:video-decoder-ogg-theora: a1e56fd34408186e4bbccfd4996cb3dc -> 
  custom:container-muxer-webm: aa71ff27fc2769a1b78a27578f13a17b -> 
  custom:container-demuxer-webm: 4f35f7cbe854078d1ac9338744f61a02 -> 
  custom:container-demuxer-ogg: 62fdf1f143b41e24485cea50d1cbac27 -> 
  custom:video-encoder-webm-vp8: eb34c28f22e8b96e1ab97ce403110664 -> 
  custom:video-decoder-webm-vp8: 9c59270c3fd7afecdb556c50c9e8de78 -> 
  custom:audio-decoder-ogg-vorbis: bf7c407c2cedff20999df2af8eb42d56 -> 
  custom:audio-encoder-webm-vorbis: bf7c407c2cedff20999df2af8eb42d56 -> 
========================================================================
Received Import Request.
  Time since last request: 434.362954 seconds.
  path: Assets/Kevin Iglesias/Basic Motions/Models/BasicMotionsDummyModel.fbx
  artifactKey: Guid(5917c0e93d180a842b61d1ebc62a195c) Importer(815301076,1909f56bfc062723c751e8b465ee728b)
Start importing Assets/Kevin Iglesias/Basic Motions/Models/BasicMotionsDummyModel.fbx using Guid(5917c0e93d180a842b61d1ebc62a195c) Importer(815301076,1909f56bfc062723c751e8b465ee728b)  -> (artifact id: '9a8439bafb2495560f29bdf32255eb60') in 0.144096 seconds 
  Import took 0.146904 seconds .

========================================================================
Received Import Request.
  Time since last request: 0.000270 seconds.
  path: Assets/Plugins/Wolf3D/RPM Avatar Pack/Models/FBX/Male/Male_02/V01/Male_02_V01.fbx
  artifactKey: Guid(061792466c86e08478a91fde64cc5b55) Importer(815301076,1909f56bfc062723c751e8b465ee728b)
Start importing Assets/Plugins/Wolf3D/RPM Avatar Pack/Models/FBX/Male/Male_02/V01/Male_02_V01.fbx using Guid(061792466c86e08478a91fde64cc5b55) Importer(815301076,1909f56bfc062723c751e8b465ee728b)  -> (artifact id: 'b38b09929f25f1dc58ace1c1d6f25fd7') in 0.135515 seconds 
  Import took 0.138853 seconds .

========================================================================
Received Import Request.
  Time since last request: 0.000194 seconds.
  path: Assets/Kevin Iglesias/Dance Animations/Models/Male Dancer Dummy.fbx
  artifactKey: Guid(50ca255d27fba5c42a7e04aef0f587e4) Importer(815301076,1909f56bfc062723c751e8b465ee728b)
Start importing Assets/Kevin Iglesias/Dance Animations/Models/Male Dancer Dummy.fbx using Guid(50ca255d27fba5c42a7e04aef0f587e4) Importer(815301076,1909f56bfc062723c751e8b465ee728b)  -> (artifact id: 'fefc4aa8d865ad02f2e2e41eb580837e') in 0.029101 seconds 
  Import took 0.031725 seconds .

========================================================================
Received Import Request.
  Time since last request: 0.000282 seconds.
  path: Assets/Plugins/Wolf3D/RPM Avatar Pack/Models/FBX/Male/Male_02/V02/Male_02_V02.fbx
  artifactKey: Guid(d03c2c170c3c19542add83211b87225d) Importer(815301076,1909f56bfc062723c751e8b465ee728b)
Start importing Assets/Plugins/Wolf3D/RPM Avatar Pack/Models/FBX/Male/Male_02/V02/Male_02_V02.fbx using Guid(d03c2c170c3c19542add83211b87225d) Importer(815301076,1909f56bfc062723c751e8b465ee728b)  -> (artifact id: 'ba4a2655ca80aec6c16e3499c1aa6ff7') in 0.091647 seconds 
  Import took 0.094301 seconds .

========================================================================
Received Import Request.
  Time since last request: 0.000183 seconds.
  path: Assets/Shelf/shelf.fbx
  artifactKey: Guid(521c1d2ea014271479067ced5e16de0f) Importer(815301076,1909f56bfc062723c751e8b465ee728b)
Start importing Assets/Shelf/shelf.fbx using Guid(521c1d2ea014271479067ced5e16de0f) Importer(815301076,1909f56bfc062723c751e8b465ee728b)  -> (artifact id: '41983e6f73ac1c341ae3d2eb4722bb48') in 0.026590 seconds 
  Import took 0.029239 seconds .

========================================================================
Received Import Request.
  Time since last request: 0.000266 seconds.
  path: Assets/Plugins/Wolf3D/RPM Avatar Pack/Models/FBX/Male/Male_03/V01/Male_03_V01.fbx
  artifactKey: Guid(d0aa9529ba7e8c34db6d64679966f41d) Importer(815301076,1909f56bfc062723c751e8b465ee728b)
Start importing Assets/Plugins/Wolf3D/RPM Avatar Pack/Models/FBX/Male/Male_03/V01/Male_03_V01.fbx using Guid(d0aa9529ba7e8c34db6d64679966f41d) Importer(815301076,1909f56bfc062723c751e8b465ee728b)  -> (artifact id: '99f4f880ee6ba24cf197b093132aebcc') in 0.089341 seconds 
  Import took 0.091918 seconds .

========================================================================
Received Import Request.
  Time since last request: 0.000312 seconds.
  path: Assets/Kevin Iglesias/Dance Animations/Models/Female Dancer Dummy.fbx
  artifactKey: Guid(2e97c150fb004f84ba9a30a654e91e56) Importer(815301076,1909f56bfc062723c751e8b465ee728b)
Start importing Assets/Kevin Iglesias/Dance Animations/Models/Female Dancer Dummy.fbx using Guid(2e97c150fb004f84ba9a30a654e91e56) Importer(815301076,1909f56bfc062723c751e8b465ee728b)  -> (artifact id: '86ed72f618d097b939a3235d34928ecb') in 0.026340 seconds 
  Import took 0.029548 seconds .

========================================================================
Received Import Request.
  Time since last request: 0.000287 seconds.
  path: Assets/Plugins/Wolf3D/RPM Avatar Pack/Models/FBX/Male/Male_04/V02/Male_04_V02.fbx
  artifactKey: Guid(5d7d86aa5f7df90458497031d939c676) Importer(815301076,1909f56bfc062723c751e8b465ee728b)
Start importing Assets/Plugins/Wolf3D/RPM Avatar Pack/Models/FBX/Male/Male_04/V02/Male_04_V02.fbx using Guid(5d7d86aa5f7df90458497031d939c676) Importer(815301076,1909f56bfc062723c751e8b465ee728b)  -> (artifact id: 'a7d2d7f409f9cf8657cee2d013bf2ee2') in 0.089912 seconds 
  Import took 0.092837 seconds .

========================================================================
Received Import Request.
  Time since last request: 0.000240 seconds.
  path: Assets/Plugins/Wolf3D/RPM Avatar Pack/Models/FBX/Male/Male_05/V02/Male_05_V02.fbx
  artifactKey: Guid(2a73beee6073db44383a00ec9d7110cf) Importer(815301076,1909f56bfc062723c751e8b465ee728b)
Start importing Assets/Plugins/Wolf3D/RPM Avatar Pack/Models/FBX/Male/Male_05/V02/Male_05_V02.fbx using Guid(2a73beee6073db44383a00ec9d7110cf) Importer(815301076,1909f56bfc062723c751e8b465ee728b)  -> (artifact id: '410c79fcd0583728e2ce62105af1ab59') in 0.100087 seconds 
  Import took 0.102692 seconds .

========================================================================
Received Import Request.
  Time since last request: 0.000243 seconds.
  path: Assets/Shelf/shelf_D1.fbx
  artifactKey: Guid(dc1cd74d2208845428c5f2f23fc08b23) Importer(815301076,1909f56bfc062723c751e8b465ee728b)
Start importing Assets/Shelf/shelf_D1.fbx using Guid(dc1cd74d2208845428c5f2f23fc08b23) Importer(815301076,1909f56bfc062723c751e8b465ee728b)  -> (artifact id: '1d5eb5c7a9425be120f7b97edac65235') in 0.019490 seconds 
  Import took 0.021649 seconds .

========================================================================
Received Import Request.
  Time since last request: 0.000296 seconds.
  path: Assets/Plugins/Wolf3D/RPM Avatar Pack/Models/FBX/Male/Male_06/V02/Male_06_V02.fbx
  artifactKey: Guid(2834dfd0c353c214b940f73920bee52b) Importer(815301076,1909f56bfc062723c751e8b465ee728b)
Start importing Assets/Plugins/Wolf3D/RPM Avatar Pack/Models/FBX/Male/Male_06/V02/Male_06_V02.fbx using Guid(2834dfd0c353c214b940f73920bee52b) Importer(815301076,1909f56bfc062723c751e8b465ee728b)  -> (artifact id: '52f54b0849bdaf2d2ac28625fc2541c7') in 0.085116 seconds 
  Import took 0.087888 seconds .

========================================================================
Received Import Request.
  Time since last request: 0.000251 seconds.
  path: Assets/Plugins/Wolf3D/RPM Avatar Pack/Models/FBX/Male/Male_06/V01/Male_06_V01.fbx
  artifactKey: Guid(43a29e70a166e5f44992e32dc9d78820) Importer(815301076,1909f56bfc062723c751e8b465ee728b)
Start importing Assets/Plugins/Wolf3D/RPM Avatar Pack/Models/FBX/Male/Male_06/V01/Male_06_V01.fbx using Guid(43a29e70a166e5f44992e32dc9d78820) Importer(815301076,1909f56bfc062723c751e8b465ee728b)  -> (artifact id: 'c46652279b1a704ba6b5f4ab0d8c2833') in 0.080580 seconds 
  Import took 0.083242 seconds .

========================================================================
Received Import Request.
  Time since last request: 0.000259 seconds.
  path: Assets/Plugins/Wolf3D/RPM Avatar Pack/Models/FBX/Male/Male_01/V02/Male_01_V02.fbx
  artifactKey: Guid(4296f97cc40b64240b45dee0e13ef0f3) Importer(815301076,1909f56bfc062723c751e8b465ee728b)
Start importing Assets/Plugins/Wolf3D/RPM Avatar Pack/Models/FBX/Male/Male_01/V02/Male_01_V02.fbx using Guid(4296f97cc40b64240b45dee0e13ef0f3) Importer(815301076,1909f56bfc062723c751e8b465ee728b)  -> (artifact id: '57fa729ff9f3bdeaf9e19df8b8c2845a') in 0.088901 seconds 
  Import took 0.091446 seconds .

========================================================================
Received Import Request.
  Time since last request: 0.000262 seconds.
  path: Assets/Plugins/Wolf3D/RPM Avatar Pack/Models/FBX/Male/Male_03/V02/Male_03_V02.fbx
  artifactKey: Guid(9ff645f742c673a4c85b1db215b98e2d) Importer(815301076,1909f56bfc062723c751e8b465ee728b)
Start importing Assets/Plugins/Wolf3D/RPM Avatar Pack/Models/FBX/Male/Male_03/V02/Male_03_V02.fbx using Guid(9ff645f742c673a4c85b1db215b98e2d) Importer(815301076,1909f56bfc062723c751e8b465ee728b)  -> (artifact id: 'f1441f335c02ce66ca3522e188fdd938') in 0.092958 seconds 
  Import took 0.095519 seconds .

========================================================================
Received Import Request.
  Time since last request: 0.000221 seconds.
  path: Assets/Plugins/Wolf3D/RPM Avatar Pack/Models/FBX/Male/Male_04/V01/Male_04_V01.fbx
  artifactKey: Guid(2bc791ecfa271274ba9b92d8335aa11b) Importer(815301076,1909f56bfc062723c751e8b465ee728b)
Start importing Assets/Plugins/Wolf3D/RPM Avatar Pack/Models/FBX/Male/Male_04/V01/Male_04_V01.fbx using Guid(2bc791ecfa271274ba9b92d8335aa11b) Importer(815301076,1909f56bfc062723c751e8b465ee728b)  -> (artifact id: '81c3f43f87c5a2a07e7febeabc9fbf64') in 0.084008 seconds 
  Import took 0.086578 seconds .

========================================================================
Received Import Request.
  Time since last request: 0.000234 seconds.
  path: Assets/Plugins/Wolf3D/RPM Avatar Pack/Models/FBX/Male/Male_05/V01/Male_05_V01.fbx
  artifactKey: Guid(1b1a8cecbc5fd854d982b9e101bc14ca) Importer(815301076,1909f56bfc062723c751e8b465ee728b)
Start importing Assets/Plugins/Wolf3D/RPM Avatar Pack/Models/FBX/Male/Male_05/V01/Male_05_V01.fbx using Guid(1b1a8cecbc5fd854d982b9e101bc14ca) Importer(815301076,1909f56bfc062723c751e8b465ee728b)  -> (artifact id: 'c84d8722f735cf310452b37d9d61635d') in 0.099213 seconds 
  Import took 0.102555 seconds .

========================================================================
Received Import Request.
  Time since last request: 0.000344 seconds.
  path: Assets/Shelf/shelf_D2.fbx
  artifactKey: Guid(06c5fd0b3bfcd664a8cde1c4675f9fa1) Importer(815301076,1909f56bfc062723c751e8b465ee728b)
Start importing Assets/Shelf/shelf_D2.fbx using Guid(06c5fd0b3bfcd664a8cde1c4675f9fa1) Importer(815301076,1909f56bfc062723c751e8b465ee728b)  -> (artifact id: '468542b2cf836574c670a035c62f5911') in 0.021195 seconds 
  Import took 0.025030 seconds .

========================================================================
Received Prepare
Registering precompiled user dll's ...
Registered in 0.005189 seconds.
Begin MonoManager ReloadAssembly
Native extension for WindowsStandalone target not found
Native extension for WebGL target not found
Refreshing native plugins compatible for Editor in 0.33 ms, found 2 plugins.
Preloading 0 native plugins for Editor in 0.00 ms.
Mono: successfully reloaded assembly
- Completed reload, in  0.825 seconds
Platform modules already initialized, skipping
Refreshing native plugins compatible for Editor in 0.34 ms, found 2 plugins.
Preloading 0 native plugins for Editor in 0.00 ms.
Unloading 1383 Unused Serialized files (Serialized files now loaded: 0)
System memory in use before: 84.9 MB.
System memory in use after: 85.0 MB.

Unloading 15 unused Assets to reduce memory usage. Loaded Objects now: 1860.
Total: 1.841000 ms (FindLiveObjects: 0.135800 ms CreateObjectMapping: 0.041800 ms MarkObjects: 1.613000 ms  DeleteObjects: 0.049500 ms)

AssetImportParameters requested are different than current active one (requested -> active):
  custom:framework-win-MediaFoundation: 216162199b28c13a410421893ffa2e32 -> 
  custom:video-decoder-ogg-theora: a1e56fd34408186e4bbccfd4996cb3dc -> 
  custom:container-muxer-webm: aa71ff27fc2769a1b78a27578f13a17b -> 
  custom:container-demuxer-webm: 4f35f7cbe854078d1ac9338744f61a02 -> 
  custom:container-demuxer-ogg: 62fdf1f143b41e24485cea50d1cbac27 -> 
  custom:video-encoder-webm-vp8: eb34c28f22e8b96e1ab97ce403110664 -> 
  custom:video-decoder-webm-vp8: 9c59270c3fd7afecdb556c50c9e8de78 -> 
  custom:audio-decoder-ogg-vorbis: bf7c407c2cedff20999df2af8eb42d56 -> 
  custom:audio-encoder-webm-vorbis: bf7c407c2cedff20999df2af8eb42d56 -> 
========================================================================
Received Import Request.
  Time since last request: 278.458520 seconds.
  path: Assets/FirstPersonMovementDemo
  artifactKey: Guid(6dc74a4e7a115b34ea7af945b867c29a) Importer(815301076,1909f56bfc062723c751e8b465ee728b)
Start importing Assets/FirstPersonMovementDemo using Guid(6dc74a4e7a115b34ea7af945b867c29a) Importer(815301076,1909f56bfc062723c751e8b465ee728b)  -> (artifact id: 'c323da32cf300b7b3fd62908387bb63a') in 0.010404 seconds 
  Import took 0.013242 seconds .

========================================================================
Received Import Request.
  Time since last request: 1.741817 seconds.
  path: Assets/FirstPersonMovementDemo/Materials
  artifactKey: Guid(95ba87efc9050d44db3de02bfa617b39) Importer(815301076,1909f56bfc062723c751e8b465ee728b)
Start importing Assets/FirstPersonMovementDemo/Materials using Guid(95ba87efc9050d44db3de02bfa617b39) Importer(815301076,1909f56bfc062723c751e8b465ee728b)  -> (artifact id: 'e0ace7660870e82b33142df56765ee3b') in 0.006555 seconds 
  Import took 0.008755 seconds .

========================================================================
Received Import Request.
  Time since last request: 0.080525 seconds.
  path: Assets/FirstPersonMovementDemo/Materials/mat1.mat
  artifactKey: Guid(971c03268c0af864ca4bf042b825114a) Importer(815301076,1909f56bfc062723c751e8b465ee728b)
Start importing Assets/FirstPersonMovementDemo/Materials/mat1.mat using Guid(971c03268c0af864ca4bf042b825114a) Importer(815301076,1909f56bfc062723c751e8b465ee728b)  -> (artifact id: 'f95d90e7fb8cfd8cd80d8f3a9d5d7799') in 0.054447 seconds 
  Import took 0.056961 seconds .

========================================================================
Received Import Request.
  Time since last request: 0.000284 seconds.
  path: Assets/FirstPersonMovementDemo/Materials/Player.mat
  artifactKey: Guid(54e30c3a2ec82d7408f41dcfd16f3eeb) Importer(815301076,1909f56bfc062723c751e8b465ee728b)
Start importing Assets/FirstPersonMovementDemo/Materials/Player.mat using Guid(54e30c3a2ec82d7408f41dcfd16f3eeb) Importer(815301076,1909f56bfc062723c751e8b465ee728b)  -> (artifact id: '0bda04a2e9abd79d261e5eef05791d2b') in 0.011038 seconds 
  Import took 0.013222 seconds .

========================================================================
Received Import Request.
  Time since last request: 0.000481 seconds.
  path: Assets/FirstPersonMovementDemo/Materials/PlaneMat.mat
  artifactKey: Guid(f35242d739f09a840836c3a49beaad5c) Importer(815301076,1909f56bfc062723c751e8b465ee728b)
Start importing Assets/FirstPersonMovementDemo/Materials/PlaneMat.mat using Guid(f35242d739f09a840836c3a49beaad5c) Importer(815301076,1909f56bfc062723c751e8b465ee728b)  -> (artifact id: '78e9d48345cb70d304e669f18c031e35') in 0.012873 seconds 
  Import took 0.015280 seconds .

========================================================================
Received Import Request.
  Time since last request: 3.355001 seconds.
  path: Assets/FirstPersonMovementDemo/Demo/FirstPersonMovementDemo.unity
  artifactKey: Guid(a7b648a7aff5d5f4088114c1c3c12bed) Importer(815301076,1909f56bfc062723c751e8b465ee728b)
Start importing Assets/FirstPersonMovementDemo/Demo/FirstPersonMovementDemo.unity using Guid(a7b648a7aff5d5f4088114c1c3c12bed) Importer(815301076,1909f56bfc062723c751e8b465ee728b)  -> (artifact id: '3ae66054e5b2aa95a9b6a65ee80588c0') in 0.006885 seconds 
  Import took 0.009476 seconds .

AssetImportWorkerClient::OnTransportError - code=2 error=End of file
